Looking for git in: git
Using git 2.20.1 from git
> git rev-parse --show-toplevel
> git rev-parse --git-dir
Open repository: /home/kai/Documents/Digital/IA2
> git status -z -u
> git symbolic-ref --short HEAD
> git rev-parse master
> git rev-parse --symbolic-full-name master@{u}
> git rev-list --left-right master...refs/remotes/origin/master
> git for-each-ref --format %(refname) %(objectname) --sort -committerdate
> git remote --verbose
> git config --get commit.template
> git show :app/files.php
> git ls-files --stage -- /home/kai/Documents/Digital/IA2/app/files.php
> git cat-file -s 084e1f191cef6f80868470aba928589cf0968cc5
> git check-ignore -v -z --stdin
> git check-ignore -v -z --stdin
> git status -z -u
> git symbolic-ref --short HEAD
> git rev-parse master
> git rev-parse --symbolic-full-name master@{u}
> git rev-list --left-right master...refs/remotes/origin/master
> git for-each-ref --format %(refname) %(objectname) --sort -committerdate
> git remote --verbose
> git config --get commit.template
> git show :app/include/main.js
> git ls-files --stage -- /home/kai/Documents/Digital/IA2/app/include/main.js
> git cat-file -s 968b85966a8df728de58ee3838904ac4ea3b345b
> git show :app/include/func.php
> git ls-files --stage -- /home/kai/Documents/Digital/IA2/app/include/func.php
> git cat-file -s 36afbdbac9068d8837456e7e3b511ef6eb409346
> git show :app/include/main.js
> git ls-files --stage -- /home/kai/Documents/Digital/IA2/app/include/main.js
> git cat-file -s 968b85966a8df728de58ee3838904ac4ea3b345b
> git show :app/files.php
> git ls-files --stage -- /home/kai/Documents/Digital/IA2/app/files.php
> git cat-file -s 084e1f191cef6f80868470aba928589cf0968cc5
